# JRE version: OpenJDK Runtime Environment (8.0_242-b01) (build 1.8.0_242-release-1644-b01)
# Java VM: OpenJDK 64-Bit Server VM (25.242-b01 mixed mode windows-amd64 compressed oops)
Heap:
 PSYoungGen      total 260096K, used 152831K [0x00000000d5580000, 0x00000000e9580000, 0x0000000100000000)
  eden space 223232K, 53% used [0x00000000d5580000,0x00000000dcb01450,0x00000000e2f80000)
  from space 36864K, 88% used [0x00000000e5780000,0x00000000e773ea68,0x00000000e7b80000)
  to   space 40960K, 0% used [0x00000000e2f80000,0x00000000e2f80000,0x00000000e5780000)
 ParOldGen       total 205312K, used 60159K [0x0000000080000000, 0x000000008c880000, 0x00000000d5580000)
  object space 205312K, 29% used [0x0000000080000000,0x0000000083abfdb0,0x000000008c880000)
 Metaspace       used 110763K, capacity 115476K, committed 115800K, reserved 1148928K
  class space    used 14419K, capacity 15365K, committed 15488K, reserved 1048576K
GC Heap History (10 events):
Event: 1300.868 GC heap before
{Heap before GC invocations=18 (full 3):
 PSYoungGen      total 233472K, used 231654K [0x00000000d5580000, 0x00000000e4f80000, 0x0000000100000000)
  eden space 215040K, 100% used [0x00000000d5580000,0x00000000e2780000,0x00000000e2780000)
  from space 18432K, 90% used [0x00000000e3b80000,0x00000000e4bb9950,0x00000000e4d80000)
  to   space 20480K, 0% used [0x00000000e2780000,0x00000000e2780000,0x00000000e3b80000)
 ParOldGen       total 130048K, used 42785K [0x0000000080000000, 0x0000000087f00000, 0x00000000d5580000)
  object space 130048K, 32% used [0x0000000080000000,0x00000000829c84c8,0x0000000087f00000)
 Metaspace       used 88420K, capacity 92744K, committed 93016K, reserved 1130496K
  class space    used 11712K, capacity 12616K, committed 12672K, reserved 1048576K
Event: 1300.938 GC heap after
Heap after GC invocations=18 (full 3):
 PSYoungGen      total 235520K, used 20463K [0x00000000d5580000, 0x00000000e7e80000, 0x0000000100000000)
  eden space 215040K, 0% used [0x00000000d5580000,0x00000000d5580000,0x00000000e2780000)
  from space 20480K, 99% used [0x00000000e2780000,0x00000000e3b7be18,0x00000000e3b80000)
  to   space 26112K, 0% used [0x00000000e6500000,0x00000000e6500000,0x00000000e7e80000)
 ParOldGen       total 130048K, used 50400K [0x0000000080000000, 0x0000000087f00000, 0x00000000d5580000)
  object space 130048K, 38% used [0x0000000080000000,0x0000000083138190,0x0000000087f00000)
 Metaspace       used 88420K, capacity 92744K, committed 93016K, reserved 1130496K
  class space    used 11712K, capacity 12616K, committed 12672K, reserved 1048576K
}
Event: 4182.414 GC heap before
{Heap before GC invocations=19 (full 3):
 PSYoungGen      total 235520K, used 217676K [0x00000000d5580000, 0x00000000e7e80000, 0x0000000100000000)
  eden space 215040K, 91% used [0x00000000d5580000,0x00000000e1617568,0x00000000e2780000)
  from space 20480K, 99% used [0x00000000e2780000,0x00000000e3b7be18,0x00000000e3b80000)
  to   space 26112K, 0% used [0x00000000e6500000,0x00000000e6500000,0x00000000e7e80000)
 ParOldGen       total 130048K, used 50400K [0x0000000080000000, 0x0000000087f00000, 0x00000000d5580000)
  object space 130048K, 38% used [0x0000000080000000,0x0000000083138190,0x0000000087f00000)
 Metaspace       used 93763K, capacity 98332K, committed 98496K, reserved 1134592K
  class space    used 12346K, capacity 13328K, committed 13440K, reserved 1048576K
Event: 4182.466 GC heap after
Heap after GC invocations=19 (full 3):
 PSYoungGen      total 233984K, used 26100K [0x00000000d5580000, 0x00000000e7e80000, 0x0000000100000000)
  eden space 207872K, 0% used [0x00000000d5580000,0x00000000d5580000,0x00000000e2080000)
  from space 26112K, 99% used [0x00000000e6500000,0x00000000e7e7d058,0x00000000e7e80000)
  to   space 37888K, 0% used [0x00000000e3480000,0x00000000e3480000,0x00000000e5980000)
 ParOldGen       total 130048K, used 71870K [0x0000000080000000, 0x0000000087f00000, 0x00000000d5580000)
  object space 130048K, 55% used [0x0000000080000000,0x000000008462fab8,0x0000000087f00000)
 Metaspace       used 93763K, capacity 98332K, committed 98496K, reserved 1134592K
  class space    used 12346K, capacity 13328K, committed 13440K, reserved 1048576K
}
Event: 4182.466 GC heap before
{Heap before GC invocations=20 (full 4):
 PSYoungGen      total 233984K, used 26100K [0x00000000d5580000, 0x00000000e7e80000, 0x0000000100000000)
  eden space 207872K, 0% used [0x00000000d5580000,0x00000000d5580000,0x00000000e2080000)
  from space 26112K, 99% used [0x00000000e6500000,0x00000000e7e7d058,0x00000000e7e80000)
  to   space 37888K, 0% used [0x00000000e3480000,0x00000000e3480000,0x00000000e5980000)
 ParOldGen       total 130048K, used 71870K [0x0000000080000000, 0x0000000087f00000, 0x00000000d5580000)
  object space 130048K, 55% used [0x0000000080000000,0x000000008462fab8,0x0000000087f00000)
 Metaspace       used 93763K, capacity 98332K, committed 98496K, reserved 1134592K
  class space    used 12346K, capacity 13328K, committed 13440K, reserved 1048576K
Event: 4182.749 GC heap after
Heap after GC invocations=20 (full 4):
 PSYoungGen      total 233984K, used 0K [0x00000000d5580000, 0x00000000e7e80000, 0x0000000100000000)
  eden space 207872K, 0% used [0x00000000d5580000,0x00000000d5580000,0x00000000e2080000)
  from space 26112K, 0% used [0x00000000e6500000,0x00000000e6500000,0x00000000e7e80000)
  to   space 37888K, 0% used [0x00000000e3480000,0x00000000e3480000,0x00000000e5980000)
 ParOldGen       total 205312K, used 60143K [0x0000000080000000, 0x000000008c880000, 0x00000000d5580000)
  object space 205312K, 29% used [0x0000000080000000,0x0000000083abbdb0,0x000000008c880000)
 Metaspace       used 92363K, capacity 95830K, committed 98496K, reserved 1134592K
  class space    used 12083K, capacity 12833K, committed 13440K, reserved 1048576K
}
Event: 4494.786 GC heap before
{Heap before GC invocations=21 (full 4):
 PSYoungGen      total 233984K, used 207872K [0x00000000d5580000, 0x00000000e7e80000, 0x0000000100000000)
  eden space 207872K, 100% used [0x00000000d5580000,0x00000000e2080000,0x00000000e2080000)
  from space 26112K, 0% used [0x00000000e6500000,0x00000000e6500000,0x00000000e7e80000)
  to   space 37888K, 0% used [0x00000000e3480000,0x00000000e3480000,0x00000000e5980000)
 ParOldGen       total 205312K, used 60143K [0x0000000080000000, 0x000000008c880000, 0x00000000d5580000)
  object space 205312K, 29% used [0x0000000080000000,0x0000000083abbdb0,0x000000008c880000)
 Metaspace       used 98435K, capacity 102364K, committed 104152K, reserved 1138688K
  class space    used 12853K, capacity 13676K, committed 14080K, reserved 1048576K
Event: 4494.808 GC heap after
Heap after GC invocations=21 (full 4):
 PSYoungGen      total 245760K, used 18431K [0x00000000d5580000, 0x00000000e7b80000, 0x0000000100000000)
  eden space 227328K, 0% used [0x00000000d5580000,0x00000000d5580000,0x00000000e3380000)
  from space 18432K, 99% used [0x00000000e3480000,0x00000000e467fe48,0x00000000e4680000)
  to   space 36864K, 0% used [0x00000000e5780000,0x00000000e5780000,0x00000000e7b80000)
 ParOldGen       total 205312K, used 60151K [0x0000000080000000, 0x000000008c880000, 0x00000000d5580000)
  object space 205312K, 29% used [0x0000000080000000,0x0000000083abddb0,0x000000008c880000)
 Metaspace       used 98435K, capacity 102364K, committed 104152K, reserved 1138688K
  class space    used 12853K, capacity 13676K, committed 14080K, reserved 1048576K
}
Event: 4525.466 GC heap before
{Heap before GC invocations=22 (full 4):
 PSYoungGen      total 245760K, used 245757K [0x00000000d5580000, 0x00000000e7b80000, 0x0000000100000000)
  eden space 227328K, 99% used [0x00000000d5580000,0x00000000e337f818,0x00000000e3380000)
  from space 18432K, 99% used [0x00000000e3480000,0x00000000e467fe48,0x00000000e4680000)
  to   space 36864K, 0% used [0x00000000e5780000,0x00000000e5780000,0x00000000e7b80000)
 ParOldGen       total 205312K, used 60151K [0x0000000080000000, 0x000000008c880000, 0x00000000d5580000)
  object space 205312K, 29% used [0x0000000080000000,0x0000000083abddb0,0x000000008c880000)
 Metaspace       used 104927K, capacity 108986K, committed 110552K, reserved 1144832K
  class space    used 13629K, capacity 14490K, committed 14848K, reserved 1048576K
Event: 4525.528 GC heap after
Heap after GC invocations=22 (full 4):
 PSYoungGen      total 260096K, used 32506K [0x00000000d5580000, 0x00000000e9580000, 0x0000000100000000)
  eden space 223232K, 0% used [0x00000000d5580000,0x00000000d5580000,0x00000000e2f80000)
  from space 36864K, 88% used [0x00000000e5780000,0x00000000e773ea68,0x00000000e7b80000)
  to   space 40960K, 0% used [0x00000000e2f80000,0x00000000e2f80000,0x00000000e5780000)
 ParOldGen       total 205312K, used 60159K [0x0000000080000000, 0x000000008c880000, 0x00000000d5580000)
  object space 205312K, 29% used [0x0000000080000000,0x0000000083abfdb0,0x000000008c880000)
 Metaspace       used 104927K, capacity 108986K, committed 110552K, reserved 1144832K
  class space    used 13629K, capacity 14490K, committed 14848K, reserved 1048576K
}

