# JRE version: OpenJDK Runtime Environment (8.0_242-b01) (build 1.8.0_242-release-1644-b01)
# Java VM: OpenJDK 64-Bit Server VM (25.242-b01 mixed mode windows-amd64 compressed oops)
Heap:
 PSYoungGen      total 457728K, used 417749K [0x00000000d5580000, 0x00000000fc080000, 0x0000000100000000)
  eden space 326656K, 90% used [0x00000000d5580000,0x00000000e779ae00,0x00000000e9480000)
  from space 131072K, 92% used [0x00000000f2500000,0x00000000f9ada848,0x00000000fa500000)
  to   space 147968K, 0% used [0x00000000e9480000,0x00000000e9480000,0x00000000f2500000)
 ParOldGen       total 231424K, used 136947K [0x0000000080000000, 0x000000008e200000, 0x00000000d5580000)
  object space 231424K, 59% used [0x0000000080000000,0x00000000885bcf58,0x000000008e200000)
 Metaspace       used 97695K, capacity 103994K, committed 104280K, reserved 1140736K
  class space    used 12515K, capacity 13589K, committed 13696K, reserved 1048576K
GC Heap History (10 events):
Event: 8482.424 GC heap before
{Heap before GC invocations=30 (full 4):
 PSYoungGen      total 386560K, used 386531K [0x00000000d5580000, 0x00000000f4100000, 0x0000000100000000)
  eden space 325120K, 100% used [0x00000000d5580000,0x00000000e9300000,0x00000000e9300000)
  from space 61440K, 99% used [0x00000000e9300000,0x00000000ecef8ee0,0x00000000ecf00000)
  to   space 77312K, 0% used [0x00000000ef580000,0x00000000ef580000,0x00000000f4100000)
 ParOldGen       total 231424K, used 97332K [0x0000000080000000, 0x000000008e200000, 0x00000000d5580000)
  object space 231424K, 42% used [0x0000000080000000,0x0000000085f0d388,0x000000008e200000)
 Metaspace       used 96013K, capacity 101282K, committed 101720K, reserved 1138688K
  class space    used 12333K, capacity 13239K, committed 13440K, reserved 1048576K
Event: 8482.722 GC heap after
Heap after GC invocations=30 (full 4):
 PSYoungGen      total 404992K, used 77281K [0x00000000d5580000, 0x00000000f6e00000, 0x0000000100000000)
  eden space 327680K, 0% used [0x00000000d5580000,0x00000000d5580000,0x00000000e9580000)
  from space 77312K, 99% used [0x00000000ef580000,0x00000000f40f87d8,0x00000000f4100000)
  to   space 98304K, 0% used [0x00000000e9580000,0x00000000e9580000,0x00000000ef580000)
 ParOldGen       total 231424K, used 121379K [0x0000000080000000, 0x000000008e200000, 0x00000000d5580000)
  object space 231424K, 52% used [0x0000000080000000,0x0000000087688e68,0x000000008e200000)
 Metaspace       used 96013K, capacity 101282K, committed 101720K, reserved 1138688K
  class space    used 12333K, capacity 13239K, committed 13440K, reserved 1048576K
}
Event: 9600.141 GC heap before
{Heap before GC invocations=31 (full 4):
 PSYoungGen      total 404992K, used 404961K [0x00000000d5580000, 0x00000000f6e00000, 0x0000000100000000)
  eden space 327680K, 100% used [0x00000000d5580000,0x00000000e9580000,0x00000000e9580000)
  from space 77312K, 99% used [0x00000000ef580000,0x00000000f40f87d8,0x00000000f4100000)
  to   space 98304K, 0% used [0x00000000e9580000,0x00000000e9580000,0x00000000ef580000)
 ParOldGen       total 231424K, used 121379K [0x0000000080000000, 0x000000008e200000, 0x00000000d5580000)
  object space 231424K, 52% used [0x0000000080000000,0x0000000087688e68,0x000000008e200000)
 Metaspace       used 96284K, capacity 101570K, committed 101976K, reserved 1138688K
  class space    used 12336K, capacity 13243K, committed 13440K, reserved 1048576K
Event: 9600.320 GC heap after
Heap after GC invocations=31 (full 4):
 PSYoungGen      total 393216K, used 76518K [0x00000000d5580000, 0x00000000f5980000, 0x0000000100000000)
  eden space 316416K, 0% used [0x00000000d5580000,0x00000000d5580000,0x00000000e8a80000)
  from space 76800K, 99% used [0x00000000e9580000,0x00000000ee0398a8,0x00000000ee080000)
  to   space 105984K, 0% used [0x00000000ef200000,0x00000000ef200000,0x00000000f5980000)
 ParOldGen       total 231424K, used 121574K [0x0000000080000000, 0x000000008e200000, 0x00000000d5580000)
  object space 231424K, 52% used [0x0000000080000000,0x00000000876b99e0,0x000000008e200000)
 Metaspace       used 96284K, capacity 101570K, committed 101976K, reserved 1138688K
  class space    used 12336K, capacity 13243K, committed 13440K, reserved 1048576K
}
Event: 9764.662 GC heap before
{Heap before GC invocations=32 (full 4):
 PSYoungGen      total 393216K, used 392934K [0x00000000d5580000, 0x00000000f5980000, 0x0000000100000000)
  eden space 316416K, 100% used [0x00000000d5580000,0x00000000e8a80000,0x00000000e8a80000)
  from space 76800K, 99% used [0x00000000e9580000,0x00000000ee0398a8,0x00000000ee080000)
  to   space 105984K, 0% used [0x00000000ef200000,0x00000000ef200000,0x00000000f5980000)
 ParOldGen       total 231424K, used 121574K [0x0000000080000000, 0x000000008e200000, 0x00000000d5580000)
  object space 231424K, 52% used [0x0000000080000000,0x00000000876b99e0,0x000000008e200000)
 Metaspace       used 96788K, capacity 102376K, committed 102744K, reserved 1138688K
  class space    used 12396K, capacity 13352K, committed 13440K, reserved 1048576K
Event: 9764.802 GC heap after
Heap after GC invocations=32 (full 4):
 PSYoungGen      total 406016K, used 66651K [0x00000000d5580000, 0x00000000f5400000, 0x0000000100000000)
  eden space 305664K, 0% used [0x00000000d5580000,0x00000000d5580000,0x00000000e8000000)
  from space 100352K, 66% used [0x00000000ef200000,0x00000000f3316c80,0x00000000f5400000)
  to   space 108544K, 0% used [0x00000000e8000000,0x00000000e8000000,0x00000000eea00000)
 ParOldGen       total 231424K, used 121582K [0x0000000080000000, 0x000000008e200000, 0x00000000d5580000)
  object space 231424K, 52% used [0x0000000080000000,0x00000000876bb9e0,0x000000008e200000)
 Metaspace       used 96788K, capacity 102376K, committed 102744K, reserved 1138688K
  class space    used 12396K, capacity 13352K, committed 13440K, reserved 1048576K
}
Event: 9767.206 GC heap before
{Heap before GC invocations=33 (full 4):
 PSYoungGen      total 406016K, used 372315K [0x00000000d5580000, 0x00000000f5400000, 0x0000000100000000)
  eden space 305664K, 100% used [0x00000000d5580000,0x00000000e8000000,0x00000000e8000000)
  from space 100352K, 66% used [0x00000000ef200000,0x00000000f3316c80,0x00000000f5400000)
  to   space 108544K, 0% used [0x00000000e8000000,0x00000000e8000000,0x00000000eea00000)
 ParOldGen       total 231424K, used 121582K [0x0000000080000000, 0x000000008e200000, 0x00000000d5580000)
  object space 231424K, 52% used [0x0000000080000000,0x00000000876bb9e0,0x000000008e200000)
 Metaspace       used 97124K, capacity 103194K, committed 103384K, reserved 1138688K
  class space    used 12458K, capacity 13467K, committed 13568K, reserved 1048576K
Event: 9767.360 GC heap after
Heap after GC invocations=33 (full 4):
 PSYoungGen      total 414208K, used 108538K [0x00000000d5580000, 0x00000000fa500000, 0x0000000100000000)
  eden space 305664K, 0% used [0x00000000d5580000,0x00000000d5580000,0x00000000e8000000)
  from space 108544K, 99% used [0x00000000e8000000,0x00000000ee9fe960,0x00000000eea00000)
  to   space 131072K, 0% used [0x00000000f2500000,0x00000000f2500000,0x00000000fa500000)
 ParOldGen       total 231424K, used 136511K [0x0000000080000000, 0x000000008e200000, 0x00000000d5580000)
  object space 231424K, 58% used [0x0000000080000000,0x000000008854ff30,0x000000008e200000)
 Metaspace       used 97124K, capacity 103194K, committed 103384K, reserved 1138688K
  class space    used 12458K, capacity 13467K, committed 13568K, reserved 1048576K
}
Event: 9899.125 GC heap before
{Heap before GC invocations=34 (full 4):
 PSYoungGen      total 414208K, used 414202K [0x00000000d5580000, 0x00000000fa500000, 0x0000000100000000)
  eden space 305664K, 100% used [0x00000000d5580000,0x00000000e8000000,0x00000000e8000000)
  from space 108544K, 99% used [0x00000000e8000000,0x00000000ee9fe960,0x00000000eea00000)
  to   space 131072K, 0% used [0x00000000f2500000,0x00000000f2500000,0x00000000fa500000)
 ParOldGen       total 231424K, used 136511K [0x0000000080000000, 0x000000008e200000, 0x00000000d5580000)
  object space 231424K, 58% used [0x0000000080000000,0x000000008854ff30,0x000000008e200000)
 Metaspace       used 97337K, capacity 103474K, committed 103640K, reserved 1138688K
  class space    used 12471K, capacity 13491K, committed 13568K, reserved 1048576K
Event: 9899.368 GC heap after
Heap after GC invocations=34 (full 4):
 PSYoungGen      total 457728K, used 120682K [0x00000000d5580000, 0x00000000fc080000, 0x0000000100000000)
  eden space 326656K, 0% used [0x00000000d5580000,0x00000000d5580000,0x00000000e9480000)
  from space 131072K, 92% used [0x00000000f2500000,0x00000000f9ada848,0x00000000fa500000)
  to   space 147968K, 0% used [0x00000000e9480000,0x00000000e9480000,0x00000000f2500000)
 ParOldGen       total 231424K, used 136947K [0x0000000080000000, 0x000000008e200000, 0x00000000d5580000)
  object space 231424K, 59% used [0x0000000080000000,0x00000000885bcf58,0x000000008e200000)
 Metaspace       used 97337K, capacity 103474K, committed 103640K, reserved 1138688K
  class space    used 12471K, capacity 13491K, committed 13568K, reserved 1048576K
}

