# JRE version: OpenJDK Runtime Environment (8.0_242-b01) (build 1.8.0_242-release-1644-b01)
# Java VM: OpenJDK 64-Bit Server VM (25.242-b01 mixed mode windows-amd64 compressed oops)
Heap:
 PSYoungGen      total 150016K, used 71669K [0x00000000d5580000, 0x00000000e0700000, 0x0000000100000000)
  eden space 122368K, 44% used [0x00000000d5580000,0x00000000d8a73040,0x00000000dcd00000)
  from space 27648K, 63% used [0x00000000dec00000,0x00000000dfd0a778,0x00000000e0700000)
  to   space 29696K, 0% used [0x00000000dcd00000,0x00000000dcd00000,0x00000000dea00000)
 ParOldGen       total 145920K, used 102836K [0x0000000080000000, 0x0000000088e80000, 0x00000000d5580000)
  object space 145920K, 70% used [0x0000000080000000,0x000000008646d120,0x0000000088e80000)
 Metaspace       used 88075K, capacity 92576K, committed 93656K, reserved 1132544K
  class space    used 11591K, capacity 12411K, committed 12800K, reserved 1048576K
GC Heap History (10 events):
Event: 187.817 GC heap before
{Heap before GC invocations=30 (full 4):
 PSYoungGen      total 98816K, used 87507K [0x00000000d5580000, 0x00000000de500000, 0x0000000100000000)
  eden space 69120K, 100% used [0x00000000d5580000,0x00000000d9900000,0x00000000d9900000)
  from space 29696K, 61% used [0x00000000d9900000,0x00000000daaf4fd8,0x00000000db600000)
  to   space 30208K, 0% used [0x00000000dc780000,0x00000000dc780000,0x00000000de500000)
 ParOldGen       total 145920K, used 87085K [0x0000000080000000, 0x0000000088e80000, 0x00000000d5580000)
  object space 145920K, 59% used [0x0000000080000000,0x000000008550b560,0x0000000088e80000)
 Metaspace       used 77143K, capacity 81130K, committed 83032K, reserved 1120256K
  class space    used 10618K, capacity 11366K, committed 11904K, reserved 1048576K
Event: 187.885 GC heap after
Heap after GC invocations=30 (full 4):
 PSYoungGen      total 115712K, used 3188K [0x00000000d5580000, 0x00000000de480000, 0x0000000100000000)
  eden space 86016K, 0% used [0x00000000d5580000,0x00000000d5580000,0x00000000da980000)
  from space 29696K, 10% used [0x00000000dc780000,0x00000000dca9d130,0x00000000de480000)
  to   space 30208K, 0% used [0x00000000da980000,0x00000000da980000,0x00000000dc700000)
 ParOldGen       total 145920K, used 93694K [0x0000000080000000, 0x0000000088e80000, 0x00000000d5580000)
  object space 145920K, 64% used [0x0000000080000000,0x0000000085b7f810,0x0000000088e80000)
 Metaspace       used 77143K, capacity 81130K, committed 83032K, reserved 1120256K
  class space    used 10618K, capacity 11366K, committed 11904K, reserved 1048576K
}
Event: 815.784 GC heap before
{Heap before GC invocations=31 (full 4):
 PSYoungGen      total 115712K, used 89204K [0x00000000d5580000, 0x00000000de480000, 0x0000000100000000)
  eden space 86016K, 100% used [0x00000000d5580000,0x00000000da980000,0x00000000da980000)
  from space 29696K, 10% used [0x00000000dc780000,0x00000000dca9d130,0x00000000de480000)
  to   space 30208K, 0% used [0x00000000da980000,0x00000000da980000,0x00000000dc700000)
 ParOldGen       total 145920K, used 93694K [0x0000000080000000, 0x0000000088e80000, 0x00000000d5580000)
  object space 145920K, 64% used [0x0000000080000000,0x0000000085b7f810,0x0000000088e80000)
 Metaspace       used 82336K, capacity 86544K, committed 88024K, reserved 1124352K
  class space    used 11067K, capacity 11855K, committed 12288K, reserved 1048576K
Event: 815.799 GC heap after
Heap after GC invocations=31 (full 4):
 PSYoungGen      total 116224K, used 11929K [0x00000000d5580000, 0x00000000df400000, 0x0000000100000000)
  eden space 86016K, 0% used [0x00000000d5580000,0x00000000d5580000,0x00000000da980000)
  from space 30208K, 39% used [0x00000000da980000,0x00000000db526690,0x00000000dc700000)
  to   space 28160K, 0% used [0x00000000dd880000,0x00000000dd880000,0x00000000df400000)
 ParOldGen       total 145920K, used 94142K [0x0000000080000000, 0x0000000088e80000, 0x00000000d5580000)
  object space 145920K, 64% used [0x0000000080000000,0x0000000085bef820,0x0000000088e80000)
 Metaspace       used 82336K, capacity 86544K, committed 88024K, reserved 1124352K
  class space    used 11067K, capacity 11855K, committed 12288K, reserved 1048576K
}
Event: 821.315 GC heap before
{Heap before GC invocations=32 (full 4):
 PSYoungGen      total 116224K, used 97626K [0x00000000d5580000, 0x00000000df400000, 0x0000000100000000)
  eden space 86016K, 99% used [0x00000000d5580000,0x00000000da9301c0,0x00000000da980000)
  from space 30208K, 39% used [0x00000000da980000,0x00000000db526690,0x00000000dc700000)
  to   space 28160K, 0% used [0x00000000dd880000,0x00000000dd880000,0x00000000df400000)
 ParOldGen       total 145920K, used 94142K [0x0000000080000000, 0x0000000088e80000, 0x00000000d5580000)
  object space 145920K, 64% used [0x0000000080000000,0x0000000085bef820,0x0000000088e80000)
 Metaspace       used 83815K, capacity 87980K, committed 89432K, reserved 1126400K
  class space    used 11206K, capacity 11977K, committed 12416K, reserved 1048576K
Event: 821.359 GC heap after
Heap after GC invocations=32 (full 4):
 PSYoungGen      total 132096K, used 21652K [0x00000000d5580000, 0x00000000df700000, 0x0000000100000000)
  eden space 103936K, 0% used [0x00000000d5580000,0x00000000d5580000,0x00000000dbb00000)
  from space 28160K, 76% used [0x00000000dd880000,0x00000000deda51b8,0x00000000df400000)
  to   space 30208K, 0% used [0x00000000dbb00000,0x00000000dbb00000,0x00000000dd880000)
 ParOldGen       total 145920K, used 97824K [0x0000000080000000, 0x0000000088e80000, 0x00000000d5580000)
  object space 145920K, 67% used [0x0000000080000000,0x0000000085f88320,0x0000000088e80000)
 Metaspace       used 83815K, capacity 87980K, committed 89432K, reserved 1126400K
  class space    used 11206K, capacity 11977K, committed 12416K, reserved 1048576K
}
Event: 974.044 GC heap before
{Heap before GC invocations=33 (full 4):
 PSYoungGen      total 132096K, used 125580K [0x00000000d5580000, 0x00000000df700000, 0x0000000100000000)
  eden space 103936K, 99% used [0x00000000d5580000,0x00000000dbafe088,0x00000000dbb00000)
  from space 28160K, 76% used [0x00000000dd880000,0x00000000deda51b8,0x00000000df400000)
  to   space 30208K, 0% used [0x00000000dbb00000,0x00000000dbb00000,0x00000000dd880000)
 ParOldGen       total 145920K, used 97824K [0x0000000080000000, 0x0000000088e80000, 0x00000000d5580000)
  object space 145920K, 67% used [0x0000000080000000,0x0000000085f88320,0x0000000088e80000)
 Metaspace       used 85124K, capacity 89428K, committed 90840K, reserved 1128448K
  class space    used 11315K, capacity 12157K, committed 12544K, reserved 1048576K
Event: 974.057 GC heap after
Heap after GC invocations=33 (full 4):
 PSYoungGen      total 134144K, used 7641K [0x00000000d5580000, 0x00000000e0900000, 0x0000000100000000)
  eden space 103936K, 0% used [0x00000000d5580000,0x00000000d5580000,0x00000000dbb00000)
  from space 30208K, 25% used [0x00000000dbb00000,0x00000000dc276448,0x00000000dd880000)
  to   space 29696K, 0% used [0x00000000dec00000,0x00000000dec00000,0x00000000e0900000)
 ParOldGen       total 145920K, used 100801K [0x0000000080000000, 0x0000000088e80000, 0x00000000d5580000)
  object space 145920K, 69% used [0x0000000080000000,0x0000000086270638,0x0000000088e80000)
 Metaspace       used 85124K, capacity 89428K, committed 90840K, reserved 1128448K
  class space    used 11315K, capacity 12157K, committed 12544K, reserved 1048576K
}
Event: 1088.534 GC heap before
{Heap before GC invocations=34 (full 4):
 PSYoungGen      total 134144K, used 111577K [0x00000000d5580000, 0x00000000e0900000, 0x0000000100000000)
  eden space 103936K, 100% used [0x00000000d5580000,0x00000000dbb00000,0x00000000dbb00000)
  from space 30208K, 25% used [0x00000000dbb00000,0x00000000dc276448,0x00000000dd880000)
  to   space 29696K, 0% used [0x00000000dec00000,0x00000000dec00000,0x00000000e0900000)
 ParOldGen       total 145920K, used 100801K [0x0000000080000000, 0x0000000088e80000, 0x00000000d5580000)
  object space 145920K, 69% used [0x0000000080000000,0x0000000086270638,0x0000000088e80000)
 Metaspace       used 85714K, capacity 90140K, committed 91352K, reserved 1128448K
  class space    used 11339K, capacity 12185K, committed 12544K, reserved 1048576K
Event: 1088.560 GC heap after
Heap after GC invocations=34 (full 4):
 PSYoungGen      total 150016K, used 17449K [0x00000000d5580000, 0x00000000e0700000, 0x0000000100000000)
  eden space 122368K, 0% used [0x00000000d5580000,0x00000000d5580000,0x00000000dcd00000)
  from space 27648K, 63% used [0x00000000dec00000,0x00000000dfd0a778,0x00000000e0700000)
  to   space 29696K, 0% used [0x00000000dcd00000,0x00000000dcd00000,0x00000000dea00000)
 ParOldGen       total 145920K, used 102836K [0x0000000080000000, 0x0000000088e80000, 0x00000000d5580000)
  object space 145920K, 70% used [0x0000000080000000,0x000000008646d120,0x0000000088e80000)
 Metaspace       used 85714K, capacity 90140K, committed 91352K, reserved 1128448K
  class space    used 11339K, capacity 12185K, committed 12544K, reserved 1048576K
}

