# JRE version: OpenJDK Runtime Environment (8.0_242-b01) (build 1.8.0_242-release-1644-b01)
# Java VM: OpenJDK 64-Bit Server VM (25.242-b01 mixed mode windows-amd64 compressed oops)
Heap:
 PSYoungGen      total 332288K, used 252036K [0x00000000d5580000, 0x00000000ec480000, 0x0000000100000000)
  eden space 298496K, 81% used [0x00000000d5580000,0x00000000e42b8628,0x00000000e7900000)
  from space 33792K, 26% used [0x00000000ea380000,0x00000000eac68d08,0x00000000ec480000)
  to   space 35840K, 0% used [0x00000000e7900000,0x00000000e7900000,0x00000000e9c00000)
 ParOldGen       total 102400K, used 102386K [0x0000000080000000, 0x0000000086400000, 0x00000000d5580000)
  object space 102400K, 99% used [0x0000000080000000,0x00000000863fcad8,0x0000000086400000)
 Metaspace       used 97440K, capacity 102312K, committed 102872K, reserved 1138688K
  class space    used 12736K, capacity 13662K, committed 13824K, reserved 1048576K
GC Heap History (10 events):
Event: 132.667 GC heap before
{Heap before GC invocations=39 (full 16):
 PSYoungGen      total 315904K, used 301477K [0x00000000d5580000, 0x00000000ead80000, 0x0000000100000000)
  eden space 286720K, 100% used [0x00000000d5580000,0x00000000e6d80000,0x00000000e6d80000)
  from space 29184K, 50% used [0x00000000e9100000,0x00000000e9f694f0,0x00000000ead80000)
  to   space 32768K, 0% used [0x00000000e6d80000,0x00000000e6d80000,0x00000000e8d80000)
 ParOldGen       total 96768K, used 73972K [0x0000000080000000, 0x0000000085e80000, 0x00000000d5580000)
  object space 96768K, 76% used [0x0000000080000000,0x000000008483d370,0x0000000085e80000)
 Metaspace       used 89438K, capacity 94054K, committed 94552K, reserved 1130496K
  class space    used 11878K, capacity 12700K, committed 12928K, reserved 1048576K
Event: 132.727 GC heap after
Heap after GC invocations=39 (full 16):
 PSYoungGen      total 319488K, used 32739K [0x00000000d5580000, 0x00000000ec200000, 0x0000000100000000)
  eden space 286720K, 0% used [0x00000000d5580000,0x00000000d5580000,0x00000000e6d80000)
  from space 32768K, 99% used [0x00000000e6d80000,0x00000000e8d78f48,0x00000000e8d80000)
  to   space 37888K, 0% used [0x00000000e9d00000,0x00000000e9d00000,0x00000000ec200000)
 ParOldGen       total 96768K, used 74394K [0x0000000080000000, 0x0000000085e80000, 0x00000000d5580000)
  object space 96768K, 76% used [0x0000000080000000,0x00000000848a68e0,0x0000000085e80000)
 Metaspace       used 89438K, capacity 94054K, committed 94552K, reserved 1130496K
  class space    used 11878K, capacity 12700K, committed 12928K, reserved 1048576K
}
Event: 133.782 GC heap before
{Heap before GC invocations=40 (full 16):
 PSYoungGen      total 319488K, used 319459K [0x00000000d5580000, 0x00000000ec200000, 0x0000000100000000)
  eden space 286720K, 100% used [0x00000000d5580000,0x00000000e6d80000,0x00000000e6d80000)
  from space 32768K, 99% used [0x00000000e6d80000,0x00000000e8d78f48,0x00000000e8d80000)
  to   space 37888K, 0% used [0x00000000e9d00000,0x00000000e9d00000,0x00000000ec200000)
 ParOldGen       total 96768K, used 74394K [0x0000000080000000, 0x0000000085e80000, 0x00000000d5580000)
  object space 96768K, 76% used [0x0000000080000000,0x00000000848a68e0,0x0000000085e80000)
 Metaspace       used 89445K, capacity 94060K, committed 94552K, reserved 1130496K
  class space    used 11879K, capacity 12701K, committed 12928K, reserved 1048576K
Event: 133.814 GC heap after
Heap after GC invocations=40 (full 16):
 PSYoungGen      total 333312K, used 17041K [0x00000000d5580000, 0x00000000ebf00000, 0x0000000100000000)
  eden space 298496K, 0% used [0x00000000d5580000,0x00000000d5580000,0x00000000e7900000)
  from space 34816K, 48% used [0x00000000e9d00000,0x00000000eada47c8,0x00000000ebf00000)
  to   space 35840K, 0% used [0x00000000e7900000,0x00000000e7900000,0x00000000e9c00000)
 ParOldGen       total 96768K, used 78649K [0x0000000080000000, 0x0000000085e80000, 0x00000000d5580000)
  object space 96768K, 81% used [0x0000000080000000,0x0000000084cce6c0,0x0000000085e80000)
 Metaspace       used 89445K, capacity 94060K, committed 94552K, reserved 1130496K
  class space    used 11879K, capacity 12701K, committed 12928K, reserved 1048576K
}
Event: 134.868 GC heap before
{Heap before GC invocations=41 (full 16):
 PSYoungGen      total 333312K, used 315537K [0x00000000d5580000, 0x00000000ebf00000, 0x0000000100000000)
  eden space 298496K, 100% used [0x00000000d5580000,0x00000000e7900000,0x00000000e7900000)
  from space 34816K, 48% used [0x00000000e9d00000,0x00000000eada47c8,0x00000000ebf00000)
  to   space 35840K, 0% used [0x00000000e7900000,0x00000000e7900000,0x00000000e9c00000)
 ParOldGen       total 96768K, used 78649K [0x0000000080000000, 0x0000000085e80000, 0x00000000d5580000)
  object space 96768K, 81% used [0x0000000080000000,0x0000000084cce6c0,0x0000000085e80000)
 Metaspace       used 89453K, capacity 94064K, committed 94552K, reserved 1130496K
  class space    used 11879K, capacity 12701K, committed 12928K, reserved 1048576K
Event: 134.899 GC heap after
Heap after GC invocations=41 (full 16):
 PSYoungGen      total 334336K, used 16579K [0x00000000d5580000, 0x00000000ec480000, 0x0000000100000000)
  eden space 298496K, 0% used [0x00000000d5580000,0x00000000d5580000,0x00000000e7900000)
  from space 35840K, 46% used [0x00000000e7900000,0x00000000e8930f58,0x00000000e9c00000)
  to   space 33792K, 0% used [0x00000000ea380000,0x00000000ea380000,0x00000000ec480000)
 ParOldGen       total 96768K, used 78649K [0x0000000080000000, 0x0000000085e80000, 0x00000000d5580000)
  object space 96768K, 81% used [0x0000000080000000,0x0000000084cce6c0,0x0000000085e80000)
 Metaspace       used 89453K, capacity 94064K, committed 94552K, reserved 1130496K
  class space    used 11879K, capacity 12701K, committed 12928K, reserved 1048576K
}
Event: 138.043 GC heap before
{Heap before GC invocations=42 (full 16):
 PSYoungGen      total 334336K, used 315075K [0x00000000d5580000, 0x00000000ec480000, 0x0000000100000000)
  eden space 298496K, 100% used [0x00000000d5580000,0x00000000e7900000,0x00000000e7900000)
  from space 35840K, 46% used [0x00000000e7900000,0x00000000e8930f58,0x00000000e9c00000)
  to   space 33792K, 0% used [0x00000000ea380000,0x00000000ea380000,0x00000000ec480000)
 ParOldGen       total 96768K, used 78649K [0x0000000080000000, 0x0000000085e80000, 0x00000000d5580000)
  object space 96768K, 81% used [0x0000000080000000,0x0000000084cce6c0,0x0000000085e80000)
 Metaspace       used 90263K, capacity 95022K, committed 95448K, reserved 1132544K
  class space    used 11958K, capacity 12838K, committed 13056K, reserved 1048576K
Event: 138.141 GC heap after
Heap after GC invocations=42 (full 16):
 PSYoungGen      total 332288K, used 33765K [0x00000000d5580000, 0x00000000ec480000, 0x0000000100000000)
  eden space 298496K, 0% used [0x00000000d5580000,0x00000000d5580000,0x00000000e7900000)
  from space 33792K, 99% used [0x00000000ea380000,0x00000000ec479790,0x00000000ec480000)
  to   space 35840K, 0% used [0x00000000e7900000,0x00000000e7900000,0x00000000e9c00000)
 ParOldGen       total 102400K, used 101932K [0x0000000080000000, 0x0000000086400000, 0x00000000d5580000)
  object space 102400K, 99% used [0x0000000080000000,0x000000008638b008,0x0000000086400000)
 Metaspace       used 90263K, capacity 95022K, committed 95448K, reserved 1132544K
  class space    used 11958K, capacity 12838K, committed 13056K, reserved 1048576K
}
Event: 138.141 GC heap before
{Heap before GC invocations=43 (full 17):
 PSYoungGen      total 332288K, used 33765K [0x00000000d5580000, 0x00000000ec480000, 0x0000000100000000)
  eden space 298496K, 0% used [0x00000000d5580000,0x00000000d5580000,0x00000000e7900000)
  from space 33792K, 99% used [0x00000000ea380000,0x00000000ec479790,0x00000000ec480000)
  to   space 35840K, 0% used [0x00000000e7900000,0x00000000e7900000,0x00000000e9c00000)
 ParOldGen       total 102400K, used 101932K [0x0000000080000000, 0x0000000086400000, 0x00000000d5580000)
  object space 102400K, 99% used [0x0000000080000000,0x000000008638b008,0x0000000086400000)
 Metaspace       used 90263K, capacity 95022K, committed 95448K, reserved 1132544K
  class space    used 11958K, capacity 12838K, committed 13056K, reserved 1048576K
Event: 138.741 GC heap after
Heap after GC invocations=43 (full 17):
 PSYoungGen      total 332288K, used 9123K [0x00000000d5580000, 0x00000000ec480000, 0x0000000100000000)
  eden space 298496K, 0% used [0x00000000d5580000,0x00000000d5580000,0x00000000e7900000)
  from space 33792K, 26% used [0x00000000ea380000,0x00000000eac68d08,0x00000000ec480000)
  to   space 35840K, 0% used [0x00000000e7900000,0x00000000e7900000,0x00000000e9c00000)
 ParOldGen       total 102400K, used 102386K [0x0000000080000000, 0x0000000086400000, 0x00000000d5580000)
  object space 102400K, 99% used [0x0000000080000000,0x00000000863fcad8,0x0000000086400000)
 Metaspace       used 90246K, capacity 94976K, committed 95448K, reserved 1132544K
  class space    used 11952K, capacity 12827K, committed 13056K, reserved 1048576K
}

