# JRE version: OpenJDK Runtime Environment (8.0_242-b01) (build 1.8.0_242-release-1644-b01)
# Java VM: OpenJDK 64-Bit Server VM (25.242-b01 mixed mode windows-amd64 compressed oops)
Heap:
 PSYoungGen      total 150528K, used 89038K [0x00000000d5580000, 0x00000000e2680000, 0x0000000100000000)
  eden space 137216K, 64% used [0x00000000d5580000,0x00000000dac73918,0x00000000ddb80000)
  from space 13312K, 0% used [0x00000000ddb80000,0x00000000ddb80000,0x00000000de880000)
  to   space 13824K, 0% used [0x00000000e1900000,0x00000000e1900000,0x00000000e2680000)
 ParOldGen       total 79360K, used 34116K [0x0000000080000000, 0x0000000084d80000, 0x00000000d5580000)
  object space 79360K, 42% used [0x0000000080000000,0x00000000821510a0,0x0000000084d80000)
 Metaspace       used 63578K, capacity 66348K, committed 66392K, reserved 1105920K
  class space    used 8547K, capacity 9073K, committed 9088K, reserved 1048576K
GC Heap History (10 events):
Event: 90.360 GC heap before
{Heap before GC invocations=20 (full 2):
 PSYoungGen      total 83968K, used 73728K [0x00000000d5580000, 0x00000000dcd00000, 0x0000000100000000)
  eden space 73728K, 100% used [0x00000000d5580000,0x00000000d9d80000,0x00000000d9d80000)
  from space 10240K, 0% used [0x00000000d9d80000,0x00000000d9d80000,0x00000000da780000)
  to   space 10240K, 0% used [0x00000000dc300000,0x00000000dc300000,0x00000000dcd00000)
 ParOldGen       total 51712K, used 13096K [0x0000000080000000, 0x0000000083280000, 0x00000000d5580000)
  object space 51712K, 25% used [0x0000000080000000,0x0000000080cca358,0x0000000083280000)
 Metaspace       used 37948K, capacity 39418K, committed 39680K, reserved 1083392K
  class space    used 5005K, capacity 5325K, committed 5376K, reserved 1048576K
Event: 90.371 GC heap after
Heap after GC invocations=20 (full 2):
 PSYoungGen      total 112128K, used 6754K [0x00000000d5580000, 0x00000000dcd00000, 0x0000000100000000)
  eden space 101888K, 0% used [0x00000000d5580000,0x00000000d5580000,0x00000000db900000)
  from space 10240K, 65% used [0x00000000dc300000,0x00000000dc9989f8,0x00000000dcd00000)
  to   space 10240K, 0% used [0x00000000db900000,0x00000000db900000,0x00000000dc300000)
 ParOldGen       total 51712K, used 13104K [0x0000000080000000, 0x0000000083280000, 0x00000000d5580000)
  object space 51712K, 25% used [0x0000000080000000,0x0000000080ccc358,0x0000000083280000)
 Metaspace       used 37948K, capacity 39418K, committed 39680K, reserved 1083392K
  class space    used 5005K, capacity 5325K, committed 5376K, reserved 1048576K
}
Event: 96.843 GC heap before
{Heap before GC invocations=21 (full 2):
 PSYoungGen      total 112128K, used 108642K [0x00000000d5580000, 0x00000000dcd00000, 0x0000000100000000)
  eden space 101888K, 100% used [0x00000000d5580000,0x00000000db900000,0x00000000db900000)
  from space 10240K, 65% used [0x00000000dc300000,0x00000000dc9989f8,0x00000000dcd00000)
  to   space 10240K, 0% used [0x00000000db900000,0x00000000db900000,0x00000000dc300000)
 ParOldGen       total 51712K, used 13104K [0x0000000080000000, 0x0000000083280000, 0x00000000d5580000)
  object space 51712K, 25% used [0x0000000080000000,0x0000000080ccc358,0x0000000083280000)
 Metaspace       used 42042K, capacity 43936K, committed 44160K, reserved 1087488K
  class space    used 5643K, capacity 6005K, committed 6016K, reserved 1048576K
Event: 96.857 GC heap after
Heap after GC invocations=21 (full 2):
 PSYoungGen      total 112128K, used 7462K [0x00000000d5580000, 0x00000000df280000, 0x0000000100000000)
  eden space 101888K, 0% used [0x00000000d5580000,0x00000000d5580000,0x00000000db900000)
  from space 10240K, 72% used [0x00000000db900000,0x00000000dc049ad8,0x00000000dc300000)
  to   space 10240K, 0% used [0x00000000de880000,0x00000000de880000,0x00000000df280000)
 ParOldGen       total 51712K, used 17140K [0x0000000080000000, 0x0000000083280000, 0x00000000d5580000)
  object space 51712K, 33% used [0x0000000080000000,0x00000000810bd260,0x0000000083280000)
 Metaspace       used 42042K, capacity 43936K, committed 44160K, reserved 1087488K
  class space    used 5643K, capacity 6005K, committed 6016K, reserved 1048576K
}
Event: 124.064 GC heap before
{Heap before GC invocations=22 (full 2):
 PSYoungGen      total 112128K, used 109350K [0x00000000d5580000, 0x00000000df280000, 0x0000000100000000)
  eden space 101888K, 100% used [0x00000000d5580000,0x00000000db900000,0x00000000db900000)
  from space 10240K, 72% used [0x00000000db900000,0x00000000dc049ad8,0x00000000dc300000)
  to   space 10240K, 0% used [0x00000000de880000,0x00000000de880000,0x00000000df280000)
 ParOldGen       total 51712K, used 17140K [0x0000000080000000, 0x0000000083280000, 0x00000000d5580000)
  object space 51712K, 33% used [0x0000000080000000,0x00000000810bd260,0x0000000083280000)
 Metaspace       used 50857K, capacity 53014K, committed 53376K, reserved 1095680K
  class space    used 6745K, capacity 7173K, committed 7296K, reserved 1048576K
Event: 124.091 GC heap after
Heap after GC invocations=22 (full 2):
 PSYoungGen      total 147456K, used 10217K [0x00000000d5580000, 0x00000000df780000, 0x0000000100000000)
  eden space 137216K, 0% used [0x00000000d5580000,0x00000000d5580000,0x00000000ddb80000)
  from space 10240K, 99% used [0x00000000de880000,0x00000000df27a7d0,0x00000000df280000)
  to   space 13312K, 0% used [0x00000000ddb80000,0x00000000ddb80000,0x00000000de880000)
 ParOldGen       total 51712K, used 22652K [0x0000000080000000, 0x0000000083280000, 0x00000000d5580000)
  object space 51712K, 43% used [0x0000000080000000,0x000000008161f238,0x0000000083280000)
 Metaspace       used 50857K, capacity 53014K, committed 53376K, reserved 1095680K
  class space    used 6745K, capacity 7173K, committed 7296K, reserved 1048576K
}
Event: 133.961 GC heap before
{Heap before GC invocations=23 (full 2):
 PSYoungGen      total 147456K, used 84292K [0x00000000d5580000, 0x00000000df780000, 0x0000000100000000)
  eden space 137216K, 53% used [0x00000000d5580000,0x00000000d9dd6b58,0x00000000ddb80000)
  from space 10240K, 99% used [0x00000000de880000,0x00000000df27a7d0,0x00000000df280000)
  to   space 13312K, 0% used [0x00000000ddb80000,0x00000000ddb80000,0x00000000de880000)
 ParOldGen       total 51712K, used 22652K [0x0000000080000000, 0x0000000083280000, 0x00000000d5580000)
  object space 51712K, 43% used [0x0000000080000000,0x000000008161f238,0x0000000083280000)
 Metaspace       used 56648K, capacity 59026K, committed 59096K, reserved 1099776K
  class space    used 7451K, capacity 7909K, committed 7936K, reserved 1048576K
Event: 133.978 GC heap after
Heap after GC invocations=23 (full 2):
 PSYoungGen      total 150528K, used 9407K [0x00000000d5580000, 0x00000000e2680000, 0x0000000100000000)
  eden space 137216K, 0% used [0x00000000d5580000,0x00000000d5580000,0x00000000ddb80000)
  from space 13312K, 70% used [0x00000000ddb80000,0x00000000de4afe98,0x00000000de880000)
  to   space 13824K, 0% used [0x00000000e1900000,0x00000000e1900000,0x00000000e2680000)
 ParOldGen       total 51712K, used 28324K [0x0000000080000000, 0x0000000083280000, 0x00000000d5580000)
  object space 51712K, 54% used [0x0000000080000000,0x0000000081ba9170,0x0000000083280000)
 Metaspace       used 56648K, capacity 59026K, committed 59096K, reserved 1099776K
  class space    used 7451K, capacity 7909K, committed 7936K, reserved 1048576K
}
Event: 133.978 GC heap before
{Heap before GC invocations=24 (full 3):
 PSYoungGen      total 150528K, used 9407K [0x00000000d5580000, 0x00000000e2680000, 0x0000000100000000)
  eden space 137216K, 0% used [0x00000000d5580000,0x00000000d5580000,0x00000000ddb80000)
  from space 13312K, 70% used [0x00000000ddb80000,0x00000000de4afe98,0x00000000de880000)
  to   space 13824K, 0% used [0x00000000e1900000,0x00000000e1900000,0x00000000e2680000)
 ParOldGen       total 51712K, used 28324K [0x0000000080000000, 0x0000000083280000, 0x00000000d5580000)
  object space 51712K, 54% used [0x0000000080000000,0x0000000081ba9170,0x0000000083280000)
 Metaspace       used 56648K, capacity 59026K, committed 59096K, reserved 1099776K
  class space    used 7451K, capacity 7909K, committed 7936K, reserved 1048576K
Event: 134.275 GC heap after
Heap after GC invocations=24 (full 3):
 PSYoungGen      total 150528K, used 0K [0x00000000d5580000, 0x00000000e2680000, 0x0000000100000000)
  eden space 137216K, 0% used [0x00000000d5580000,0x00000000d5580000,0x00000000ddb80000)
  from space 13312K, 0% used [0x00000000ddb80000,0x00000000ddb80000,0x00000000de880000)
  to   space 13824K, 0% used [0x00000000e1900000,0x00000000e1900000,0x00000000e2680000)
 ParOldGen       total 79360K, used 34116K [0x0000000080000000, 0x0000000084d80000, 0x00000000d5580000)
  object space 79360K, 42% used [0x0000000080000000,0x00000000821510a0,0x0000000084d80000)
 Metaspace       used 56599K, capacity 58902K, committed 59096K, reserved 1099776K
  class space    used 7439K, capacity 7893K, committed 7936K, reserved 1048576K
}

