# JRE version: OpenJDK Runtime Environment (8.0_242-b01) (build 1.8.0_242-release-1644-b01)
# Java VM: OpenJDK 64-Bit Server VM (25.242-b01 mixed mode windows-amd64 compressed oops)
Heap:
 PSYoungGen      total 111104K, used 57910K [0x00000000d5580000, 0x00000000ded80000, 0x0000000100000000)
  eden space 91136K, 63% used [0x00000000d5580000,0x00000000d8e0d930,0x00000000dae80000)
  from space 19968K, 0% used [0x00000000dae80000,0x00000000dae80000,0x00000000dc200000)
  to   space 20480K, 0% used [0x00000000dd980000,0x00000000dd980000,0x00000000ded80000)
 ParOldGen       total 266240K, used 190084K [0x0000000080000000, 0x0000000090400000, 0x00000000d5580000)
  object space 266240K, 71% used [0x0000000080000000,0x000000008b9a13b0,0x0000000090400000)
 Metaspace       used 68053K, capacity 71086K, committed 71256K, reserved 1110016K
  class space    used 9223K, capacity 9816K, committed 9856K, reserved 1048576K
GC Heap History (10 events):
Event: 79.912 GC heap before
{Heap before GC invocations=43 (full 12):
 PSYoungGen      total 111104K, used 91136K [0x00000000d5580000, 0x00000000ded80000, 0x0000000100000000)
  eden space 91136K, 100% used [0x00000000d5580000,0x00000000dae80000,0x00000000dae80000)
  from space 19968K, 0% used [0x00000000dae80000,0x00000000dae80000,0x00000000dc200000)
  to   space 20480K, 0% used [0x00000000dd980000,0x00000000dd980000,0x00000000ded80000)
 ParOldGen       total 266240K, used 223614K [0x0000000080000000, 0x0000000090400000, 0x00000000d5580000)
  object space 266240K, 83% used [0x0000000080000000,0x000000008da5fb38,0x0000000090400000)
 Metaspace       used 67773K, capacity 70784K, committed 71000K, reserved 1110016K
  class space    used 9189K, capacity 9771K, committed 9856K, reserved 1048576K
Event: 79.925 GC heap after
Heap after GC invocations=43 (full 12):
 PSYoungGen      total 111104K, used 91136K [0x00000000d5580000, 0x00000000ded80000, 0x0000000100000000)
  eden space 91136K, 100% used [0x00000000d5580000,0x00000000dae80000,0x00000000dae80000)
  from space 19968K, 0% used [0x00000000dae80000,0x00000000dae80000,0x00000000dc200000)
  to   space 20480K, 0% used [0x00000000dd980000,0x00000000dd9a0000,0x00000000ded80000)
 ParOldGen       total 266240K, used 223734K [0x0000000080000000, 0x0000000090400000, 0x00000000d5580000)
  object space 266240K, 84% used [0x0000000080000000,0x000000008da7db38,0x0000000090400000)
 Metaspace       used 67773K, capacity 70784K, committed 71000K, reserved 1110016K
  class space    used 9189K, capacity 9771K, committed 9856K, reserved 1048576K
}
Event: 79.925 GC heap before
{Heap before GC invocations=44 (full 13):
 PSYoungGen      total 111104K, used 91136K [0x00000000d5580000, 0x00000000ded80000, 0x0000000100000000)
  eden space 91136K, 100% used [0x00000000d5580000,0x00000000dae80000,0x00000000dae80000)
  from space 19968K, 0% used [0x00000000dae80000,0x00000000dae80000,0x00000000dc200000)
  to   space 20480K, 0% used [0x00000000dd980000,0x00000000dd9a0000,0x00000000ded80000)
 ParOldGen       total 266240K, used 223734K [0x0000000080000000, 0x0000000090400000, 0x00000000d5580000)
  object space 266240K, 84% used [0x0000000080000000,0x000000008da7db38,0x0000000090400000)
 Metaspace       used 67773K, capacity 70784K, committed 71000K, reserved 1110016K
  class space    used 9189K, capacity 9771K, committed 9856K, reserved 1048576K
Event: 80.076 GC heap after
Heap after GC invocations=44 (full 13):
 PSYoungGen      total 111104K, used 0K [0x00000000d5580000, 0x00000000ded80000, 0x0000000100000000)
  eden space 91136K, 0% used [0x00000000d5580000,0x00000000d5580000,0x00000000dae80000)
  from space 19968K, 0% used [0x00000000dae80000,0x00000000dae80000,0x00000000dc200000)
  to   space 20480K, 0% used [0x00000000dd980000,0x00000000dd980000,0x00000000ded80000)
 ParOldGen       total 266240K, used 263142K [0x0000000080000000, 0x0000000090400000, 0x00000000d5580000)
  object space 266240K, 98% used [0x0000000080000000,0x00000000900f9b80,0x0000000090400000)
 Metaspace       used 67773K, capacity 70784K, committed 71000K, reserved 1110016K
  class space    used 9189K, capacity 9771K, committed 9856K, reserved 1048576K
}
Event: 80.697 GC heap before
{Heap before GC invocations=45 (full 14):
 PSYoungGen      total 111104K, used 91136K [0x00000000d5580000, 0x00000000ded80000, 0x0000000100000000)
  eden space 91136K, 100% used [0x00000000d5580000,0x00000000dae80000,0x00000000dae80000)
  from space 19968K, 0% used [0x00000000dae80000,0x00000000dae80000,0x00000000dc200000)
  to   space 20480K, 0% used [0x00000000dd980000,0x00000000dd980000,0x00000000ded80000)
 ParOldGen       total 266240K, used 263848K [0x0000000080000000, 0x0000000090400000, 0x00000000d5580000)
  object space 266240K, 99% used [0x0000000080000000,0x00000000901aa318,0x0000000090400000)
 Metaspace       used 67773K, capacity 70784K, committed 71000K, reserved 1110016K
  class space    used 9189K, capacity 9771K, committed 9856K, reserved 1048576K
Event: 80.806 GC heap after
Heap after GC invocations=45 (full 14):
 PSYoungGen      total 111104K, used 0K [0x00000000d5580000, 0x00000000ded80000, 0x0000000100000000)
  eden space 91136K, 0% used [0x00000000d5580000,0x00000000d5580000,0x00000000dae80000)
  from space 19968K, 0% used [0x00000000dae80000,0x00000000dae80000,0x00000000dc200000)
  to   space 20480K, 0% used [0x00000000dd980000,0x00000000dd980000,0x00000000ded80000)
 ParOldGen       total 266240K, used 263143K [0x0000000080000000, 0x0000000090400000, 0x00000000d5580000)
  object space 266240K, 98% used [0x0000000080000000,0x00000000900f9c88,0x0000000090400000)
 Metaspace       used 67773K, capacity 70784K, committed 71000K, reserved 1110016K
  class space    used 9189K, capacity 9771K, committed 9856K, reserved 1048576K
}
Event: 81.315 GC heap before
{Heap before GC invocations=46 (full 15):
 PSYoungGen      total 111104K, used 91136K [0x00000000d5580000, 0x00000000ded80000, 0x0000000100000000)
  eden space 91136K, 100% used [0x00000000d5580000,0x00000000dae80000,0x00000000dae80000)
  from space 19968K, 0% used [0x00000000dae80000,0x00000000dae80000,0x00000000dc200000)
  to   space 20480K, 0% used [0x00000000dd980000,0x00000000dd980000,0x00000000ded80000)
 ParOldGen       total 266240K, used 263575K [0x0000000080000000, 0x0000000090400000, 0x00000000d5580000)
  object space 266240K, 98% used [0x0000000080000000,0x0000000090165cd0,0x0000000090400000)
 Metaspace       used 67773K, capacity 70784K, committed 71000K, reserved 1110016K
  class space    used 9189K, capacity 9771K, committed 9856K, reserved 1048576K
Event: 81.432 GC heap after
Heap after GC invocations=46 (full 15):
 PSYoungGen      total 111104K, used 0K [0x00000000d5580000, 0x00000000ded80000, 0x0000000100000000)
  eden space 91136K, 0% used [0x00000000d5580000,0x00000000d5580000,0x00000000dae80000)
  from space 19968K, 0% used [0x00000000dae80000,0x00000000dae80000,0x00000000dc200000)
  to   space 20480K, 0% used [0x00000000dd980000,0x00000000dd980000,0x00000000ded80000)
 ParOldGen       total 266240K, used 263156K [0x0000000080000000, 0x0000000090400000, 0x00000000d5580000)
  object space 266240K, 98% used [0x0000000080000000,0x00000000900fd130,0x0000000090400000)
 Metaspace       used 67773K, capacity 70784K, committed 71000K, reserved 1110016K
  class space    used 9189K, capacity 9771K, committed 9856K, reserved 1048576K
}
Event: 82.012 GC heap before
{Heap before GC invocations=47 (full 16):
 PSYoungGen      total 111104K, used 91136K [0x00000000d5580000, 0x00000000ded80000, 0x0000000100000000)
  eden space 91136K, 100% used [0x00000000d5580000,0x00000000dae80000,0x00000000dae80000)
  from space 19968K, 0% used [0x00000000dae80000,0x00000000dae80000,0x00000000dc200000)
  to   space 20480K, 0% used [0x00000000dd980000,0x00000000dd980000,0x00000000ded80000)
 ParOldGen       total 266240K, used 263293K [0x0000000080000000, 0x0000000090400000, 0x00000000d5580000)
  object space 266240K, 98% used [0x0000000080000000,0x000000009011f4e8,0x0000000090400000)
 Metaspace       used 67773K, capacity 70784K, committed 71000K, reserved 1110016K
  class space    used 9189K, capacity 9771K, committed 9856K, reserved 1048576K
Event: 82.147 GC heap after
Heap after GC invocations=47 (full 16):
 PSYoungGen      total 111104K, used 0K [0x00000000d5580000, 0x00000000ded80000, 0x0000000100000000)
  eden space 91136K, 0% used [0x00000000d5580000,0x00000000d5580000,0x00000000dae80000)
  from space 19968K, 0% used [0x00000000dae80000,0x00000000dae80000,0x00000000dc200000)
  to   space 20480K, 0% used [0x00000000dd980000,0x00000000dd980000,0x00000000ded80000)
 ParOldGen       total 266240K, used 190084K [0x0000000080000000, 0x0000000090400000, 0x00000000d5580000)
  object space 266240K, 71% used [0x0000000080000000,0x000000008b9a13b0,0x0000000090400000)
 Metaspace       used 67773K, capacity 70784K, committed 71000K, reserved 1110016K
  class space    used 9189K, capacity 9771K, committed 9856K, reserved 1048576K
}

