# JRE version: OpenJDK Runtime Environment (8.0_242-b01) (build 1.8.0_242-release-1644-b01)
# Java VM: OpenJDK 64-Bit Server VM (25.242-b01 mixed mode windows-amd64 compressed oops)
Heap:
 PSYoungGen      total 499200K, used 270301K [0x00000000d5580000, 0x00000000f9900000, 0x0000000100000000)
  eden space 416256K, 59% used [0x00000000d5580000,0x00000000e4761b70,0x00000000eec00000)
  from space 82944K, 27% used [0x00000000f4800000,0x00000000f5e15be8,0x00000000f9900000)
  to   space 88576K, 0% used [0x00000000eec00000,0x00000000eec00000,0x00000000f4280000)
 ParOldGen       total 270848K, used 176414K [0x0000000080000000, 0x0000000090880000, 0x00000000d5580000)
  object space 270848K, 65% used [0x0000000080000000,0x000000008ac479d0,0x0000000090880000)
 Metaspace       used 116244K, capacity 123776K, committed 124120K, reserved 1157120K
  class space    used 14935K, capacity 16291K, committed 16384K, reserved 1048576K
GC Heap History (10 events):
Event: 1376.384 GC heap before
{Heap before GC invocations=32 (full 4):
 PSYoungGen      total 371712K, used 354518K [0x00000000d5580000, 0x00000000f3d00000, 0x0000000100000000)
  eden space 293376K, 100% used [0x00000000d5580000,0x00000000e7400000,0x00000000e7400000)
  from space 78336K, 78% used [0x00000000e7400000,0x00000000eafb5b18,0x00000000ec080000)
  to   space 84480K, 0% used [0x00000000eea80000,0x00000000eea80000,0x00000000f3d00000)
 ParOldGen       total 270848K, used 115693K [0x0000000080000000, 0x0000000090880000, 0x00000000d5580000)
  object space 270848K, 42% used [0x0000000080000000,0x00000000870fb700,0x0000000090880000)
 Metaspace       used 113254K, capacity 119550K, committed 119640K, reserved 1153024K
  class space    used 14583K, capacity 15744K, committed 15744K, reserved 1048576K
Event: 1376.550 GC heap after
Heap after GC invocations=32 (full 4):
 PSYoungGen      total 399872K, used 84466K [0x00000000d5580000, 0x00000000f7080000, 0x0000000100000000)
  eden space 315392K, 0% used [0x00000000d5580000,0x00000000d5580000,0x00000000e8980000)
  from space 84480K, 99% used [0x00000000eea80000,0x00000000f3cfc9d8,0x00000000f3d00000)
  to   space 99328K, 0% used [0x00000000e8980000,0x00000000e8980000,0x00000000eea80000)
 ParOldGen       total 270848K, used 119629K [0x0000000080000000, 0x0000000090880000, 0x00000000d5580000)
  object space 270848K, 44% used [0x0000000080000000,0x00000000874d3720,0x0000000090880000)
 Metaspace       used 113254K, capacity 119550K, committed 119640K, reserved 1153024K
  class space    used 14583K, capacity 15744K, committed 15744K, reserved 1048576K
}
Event: 1643.186 GC heap before
{Heap before GC invocations=33 (full 4):
 PSYoungGen      total 399872K, used 399858K [0x00000000d5580000, 0x00000000f7080000, 0x0000000100000000)
  eden space 315392K, 100% used [0x00000000d5580000,0x00000000e8980000,0x00000000e8980000)
  from space 84480K, 99% used [0x00000000eea80000,0x00000000f3cfc9d8,0x00000000f3d00000)
  to   space 99328K, 0% used [0x00000000e8980000,0x00000000e8980000,0x00000000eea80000)
 ParOldGen       total 270848K, used 119629K [0x0000000080000000, 0x0000000090880000, 0x00000000d5580000)
  object space 270848K, 44% used [0x0000000080000000,0x00000000874d3720,0x0000000090880000)
 Metaspace       used 113783K, capacity 120364K, committed 120536K, reserved 1155072K
  class space    used 14651K, capacity 15867K, committed 15872K, reserved 1048576K
Event: 1643.336 GC heap after
Heap after GC invocations=33 (full 4):
 PSYoungGen      total 414720K, used 48308K [0x00000000d5580000, 0x00000000f7e80000, 0x0000000100000000)
  eden space 315392K, 0% used [0x00000000d5580000,0x00000000d5580000,0x00000000e8980000)
  from space 99328K, 48% used [0x00000000e8980000,0x00000000eb8ad328,0x00000000eea80000)
  to   space 96256K, 0% used [0x00000000f2080000,0x00000000f2080000,0x00000000f7e80000)
 ParOldGen       total 270848K, used 148338K [0x0000000080000000, 0x0000000090880000, 0x00000000d5580000)
  object space 270848K, 54% used [0x0000000080000000,0x00000000890dca88,0x0000000090880000)
 Metaspace       used 113783K, capacity 120364K, committed 120536K, reserved 1155072K
  class space    used 14651K, capacity 15867K, committed 15872K, reserved 1048576K
}
Event: 2444.799 GC heap before
{Heap before GC invocations=34 (full 4):
 PSYoungGen      total 414720K, used 363700K [0x00000000d5580000, 0x00000000f7e80000, 0x0000000100000000)
  eden space 315392K, 100% used [0x00000000d5580000,0x00000000e8980000,0x00000000e8980000)
  from space 99328K, 48% used [0x00000000e8980000,0x00000000eb8ad328,0x00000000eea80000)
  to   space 96256K, 0% used [0x00000000f2080000,0x00000000f2080000,0x00000000f7e80000)
 ParOldGen       total 270848K, used 148338K [0x0000000080000000, 0x0000000090880000, 0x00000000d5580000)
  object space 270848K, 54% used [0x0000000080000000,0x00000000890dca88,0x0000000090880000)
 Metaspace       used 113941K, capacity 120546K, committed 120920K, reserved 1155072K
  class space    used 14654K, capacity 15874K, committed 16000K, reserved 1048576K
Event: 2444.855 GC heap after
Heap after GC invocations=34 (full 4):
 PSYoungGen      total 448512K, used 32233K [0x00000000d5580000, 0x00000000f7000000, 0x0000000100000000)
  eden space 367104K, 0% used [0x00000000d5580000,0x00000000d5580000,0x00000000ebc00000)
  from space 81408K, 39% used [0x00000000f2080000,0x00000000f3ffa490,0x00000000f7000000)
  to   space 92160K, 0% used [0x00000000ebc00000,0x00000000ebc00000,0x00000000f1600000)
 ParOldGen       total 270848K, used 156819K [0x0000000080000000, 0x0000000090880000, 0x00000000d5580000)
  object space 270848K, 57% used [0x0000000080000000,0x0000000089924ee8,0x0000000090880000)
 Metaspace       used 113941K, capacity 120546K, committed 120920K, reserved 1155072K
  class space    used 14654K, capacity 15874K, committed 16000K, reserved 1048576K
}
Event: 2640.992 GC heap before
{Heap before GC invocations=35 (full 4):
 PSYoungGen      total 448512K, used 399337K [0x00000000d5580000, 0x00000000f7000000, 0x0000000100000000)
  eden space 367104K, 100% used [0x00000000d5580000,0x00000000ebc00000,0x00000000ebc00000)
  from space 81408K, 39% used [0x00000000f2080000,0x00000000f3ffa490,0x00000000f7000000)
  to   space 92160K, 0% used [0x00000000ebc00000,0x00000000ebc00000,0x00000000f1600000)
 ParOldGen       total 270848K, used 156819K [0x0000000080000000, 0x0000000090880000, 0x00000000d5580000)
  object space 270848K, 57% used [0x0000000080000000,0x0000000089924ee8,0x0000000090880000)
 Metaspace       used 114173K, capacity 120962K, committed 121176K, reserved 1155072K
  class space    used 14669K, capacity 15900K, committed 16000K, reserved 1048576K
Event: 2641.052 GC heap after
Heap after GC invocations=35 (full 4):
 PSYoungGen      total 459264K, used 17071K [0x00000000d5580000, 0x00000000fa100000, 0x0000000100000000)
  eden space 367104K, 0% used [0x00000000d5580000,0x00000000d5580000,0x00000000ebc00000)
  from space 92160K, 18% used [0x00000000ebc00000,0x00000000eccabd50,0x00000000f1600000)
  to   space 91136K, 0% used [0x00000000f4800000,0x00000000f4800000,0x00000000fa100000)
 ParOldGen       total 270848K, used 176406K [0x0000000080000000, 0x0000000090880000, 0x00000000d5580000)
  object space 270848K, 65% used [0x0000000080000000,0x000000008ac459d0,0x0000000090880000)
 Metaspace       used 114173K, capacity 120962K, committed 121176K, reserved 1155072K
  class space    used 14669K, capacity 15900K, committed 16000K, reserved 1048576K
}
Event: 2644.395 GC heap before
{Heap before GC invocations=36 (full 4):
 PSYoungGen      total 459264K, used 383314K [0x00000000d5580000, 0x00000000fa100000, 0x0000000100000000)
  eden space 367104K, 99% used [0x00000000d5580000,0x00000000ebb28ad8,0x00000000ebc00000)
  from space 92160K, 18% used [0x00000000ebc00000,0x00000000eccabd50,0x00000000f1600000)
  to   space 91136K, 0% used [0x00000000f4800000,0x00000000f4800000,0x00000000fa100000)
 ParOldGen       total 270848K, used 176406K [0x0000000080000000, 0x0000000090880000, 0x00000000d5580000)
  object space 270848K, 65% used [0x0000000080000000,0x000000008ac459d0,0x0000000090880000)
 Metaspace       used 114540K, capacity 121876K, committed 122072K, reserved 1155072K
  class space    used 14740K, capacity 16031K, committed 16128K, reserved 1048576K
Event: 2644.425 GC heap after
Heap after GC invocations=36 (full 4):
 PSYoungGen      total 499200K, used 22614K [0x00000000d5580000, 0x00000000f9900000, 0x0000000100000000)
  eden space 416256K, 0% used [0x00000000d5580000,0x00000000d5580000,0x00000000eec00000)
  from space 82944K, 27% used [0x00000000f4800000,0x00000000f5e15be8,0x00000000f9900000)
  to   space 88576K, 0% used [0x00000000eec00000,0x00000000eec00000,0x00000000f4280000)
 ParOldGen       total 270848K, used 176414K [0x0000000080000000, 0x0000000090880000, 0x00000000d5580000)
  object space 270848K, 65% used [0x0000000080000000,0x000000008ac479d0,0x0000000090880000)
 Metaspace       used 114540K, capacity 121876K, committed 122072K, reserved 1155072K
  class space    used 14740K, capacity 16031K, committed 16128K, reserved 1048576K
}

