# JRE version: OpenJDK Runtime Environment (8.0_242-b01) (build 1.8.0_242-release-1644-b01)
# Java VM: OpenJDK 64-Bit Server VM (25.242-b01 mixed mode windows-amd64 compressed oops)
Heap:
 PSYoungGen      total 130560K, used 50014K [0x00000000d5580000, 0x00000000df100000, 0x0000000100000000)
  eden space 122368K, 34% used [0x00000000d5580000,0x00000000d7ed8db0,0x00000000dcd00000)
  from space 8192K, 93% used [0x00000000de900000,0x00000000df07ee48,0x00000000df100000)
  to   space 18432K, 0% used [0x00000000dcd00000,0x00000000dcd00000,0x00000000ddf00000)
 ParOldGen       total 139776K, used 31641K [0x0000000080000000, 0x0000000088880000, 0x00000000d5580000)
  object space 139776K, 22% used [0x0000000080000000,0x0000000081ee6768,0x0000000088880000)
 Metaspace       used 63294K, capacity 66216K, committed 66392K, reserved 1105920K
  class space    used 8727K, capacity 9330K, committed 9344K, reserved 1048576K
GC Heap History (10 events):
Event: 31.578 GC heap before
{Heap before GC invocations=15 (full 2):
 PSYoungGen      total 91648K, used 88506K [0x00000000d5580000, 0x00000000dba80000, 0x0000000100000000)
  eden space 80384K, 100% used [0x00000000d5580000,0x00000000da400000,0x00000000da400000)
  from space 11264K, 72% used [0x00000000daf00000,0x00000000db6ee838,0x00000000dba00000)
  to   space 11264K, 0% used [0x00000000da400000,0x00000000da400000,0x00000000daf00000)
 ParOldGen       total 95232K, used 14891K [0x0000000080000000, 0x0000000085d00000, 0x00000000d5580000)
  object space 95232K, 15% used [0x0000000080000000,0x0000000080e8ad28,0x0000000085d00000)
 Metaspace       used 47531K, capacity 49724K, committed 49920K, reserved 1091584K
  class space    used 6420K, capacity 6840K, committed 6912K, reserved 1048576K
Event: 31.608 GC heap after
Heap after GC invocations=15 (full 2):
 PSYoungGen      total 91648K, used 11232K [0x00000000d5580000, 0x00000000dd580000, 0x0000000100000000)
  eden space 80384K, 0% used [0x00000000d5580000,0x00000000d5580000,0x00000000da400000)
  from space 11264K, 99% used [0x00000000da400000,0x00000000daef8030,0x00000000daf00000)
  to   space 14848K, 0% used [0x00000000dc700000,0x00000000dc700000,0x00000000dd580000)
 ParOldGen       total 95232K, used 20055K [0x0000000080000000, 0x0000000085d00000, 0x00000000d5580000)
  object space 95232K, 21% used [0x0000000080000000,0x0000000081395f90,0x0000000085d00000)
 Metaspace       used 47531K, capacity 49724K, committed 49920K, reserved 1091584K
  class space    used 6420K, capacity 6840K, committed 6912K, reserved 1048576K
}
Event: 36.283 GC heap before
{Heap before GC invocations=16 (full 2):
 PSYoungGen      total 91648K, used 91616K [0x00000000d5580000, 0x00000000dd580000, 0x0000000100000000)
  eden space 80384K, 100% used [0x00000000d5580000,0x00000000da400000,0x00000000da400000)
  from space 11264K, 99% used [0x00000000da400000,0x00000000daef8030,0x00000000daf00000)
  to   space 14848K, 0% used [0x00000000dc700000,0x00000000dc700000,0x00000000dd580000)
 ParOldGen       total 95232K, used 20055K [0x0000000080000000, 0x0000000085d00000, 0x00000000d5580000)
  object space 95232K, 21% used [0x0000000080000000,0x0000000081395f90,0x0000000085d00000)
 Metaspace       used 54224K, capacity 56668K, committed 56704K, reserved 1097728K
  class space    used 7274K, capacity 7772K, committed 7808K, reserved 1048576K
Event: 36.344 GC heap after
Heap after GC invocations=16 (full 2):
 PSYoungGen      total 112128K, used 14844K [0x00000000d5580000, 0x00000000ddf80000, 0x0000000100000000)
  eden space 97280K, 0% used [0x00000000d5580000,0x00000000d5580000,0x00000000db480000)
  from space 14848K, 99% used [0x00000000dc700000,0x00000000dd57f320,0x00000000dd580000)
  to   space 18944K, 0% used [0x00000000db480000,0x00000000db480000,0x00000000dc700000)
 ParOldGen       total 95232K, used 25913K [0x0000000080000000, 0x0000000085d00000, 0x00000000d5580000)
  object space 95232K, 27% used [0x0000000080000000,0x000000008194e638,0x0000000085d00000)
 Metaspace       used 54224K, capacity 56668K, committed 56704K, reserved 1097728K
  class space    used 7274K, capacity 7772K, committed 7808K, reserved 1048576K
}
Event: 37.605 GC heap before
{Heap before GC invocations=17 (full 2):
 PSYoungGen      total 112128K, used 36024K [0x00000000d5580000, 0x00000000ddf80000, 0x0000000100000000)
  eden space 97280K, 21% used [0x00000000d5580000,0x00000000d6a2f088,0x00000000db480000)
  from space 14848K, 99% used [0x00000000dc700000,0x00000000dd57f320,0x00000000dd580000)
  to   space 18944K, 0% used [0x00000000db480000,0x00000000db480000,0x00000000dc700000)
 ParOldGen       total 95232K, used 25913K [0x0000000080000000, 0x0000000085d00000, 0x00000000d5580000)
  object space 95232K, 27% used [0x0000000080000000,0x000000008194e638,0x0000000085d00000)
 Metaspace       used 56555K, capacity 59074K, committed 59096K, reserved 1099776K
  class space    used 7692K, capacity 8170K, committed 8192K, reserved 1048576K
Event: 37.649 GC heap after
Heap after GC invocations=17 (full 2):
 PSYoungGen      total 116224K, used 11907K [0x00000000d5580000, 0x00000000dfb80000, 0x0000000100000000)
  eden space 97280K, 0% used [0x00000000d5580000,0x00000000d5580000,0x00000000db480000)
  from space 18944K, 62% used [0x00000000db480000,0x00000000dc020f88,0x00000000dc700000)
  to   space 18944K, 0% used [0x00000000de900000,0x00000000de900000,0x00000000dfb80000)
 ParOldGen       total 95232K, used 31771K [0x0000000080000000, 0x0000000085d00000, 0x00000000d5580000)
  object space 95232K, 33% used [0x0000000080000000,0x0000000081f06d78,0x0000000085d00000)
 Metaspace       used 56555K, capacity 59074K, committed 59096K, reserved 1099776K
  class space    used 7692K, capacity 8170K, committed 8192K, reserved 1048576K
}
Event: 37.649 GC heap before
{Heap before GC invocations=18 (full 3):
 PSYoungGen      total 116224K, used 11907K [0x00000000d5580000, 0x00000000dfb80000, 0x0000000100000000)
  eden space 97280K, 0% used [0x00000000d5580000,0x00000000d5580000,0x00000000db480000)
  from space 18944K, 62% used [0x00000000db480000,0x00000000dc020f88,0x00000000dc700000)
  to   space 18944K, 0% used [0x00000000de900000,0x00000000de900000,0x00000000dfb80000)
 ParOldGen       total 95232K, used 31771K [0x0000000080000000, 0x0000000085d00000, 0x00000000d5580000)
  object space 95232K, 33% used [0x0000000080000000,0x0000000081f06d78,0x0000000085d00000)
 Metaspace       used 56555K, capacity 59074K, committed 59096K, reserved 1099776K
  class space    used 7692K, capacity 8170K, committed 8192K, reserved 1048576K
Event: 38.083 GC heap after
Heap after GC invocations=18 (full 3):
 PSYoungGen      total 116224K, used 0K [0x00000000d5580000, 0x00000000dfb80000, 0x0000000100000000)
  eden space 97280K, 0% used [0x00000000d5580000,0x00000000d5580000,0x00000000db480000)
  from space 18944K, 0% used [0x00000000db480000,0x00000000db480000,0x00000000dc700000)
  to   space 18944K, 0% used [0x00000000de900000,0x00000000de900000,0x00000000dfb80000)
 ParOldGen       total 139776K, used 31633K [0x0000000080000000, 0x0000000088880000, 0x00000000d5580000)
  object space 139776K, 22% used [0x0000000080000000,0x0000000081ee4768,0x0000000088880000)
 Metaspace       used 56544K, capacity 59038K, committed 59096K, reserved 1099776K
  class space    used 7689K, capacity 8164K, committed 8192K, reserved 1048576K
}
Event: 49.390 GC heap before
{Heap before GC invocations=19 (full 3):
 PSYoungGen      total 116224K, used 97280K [0x00000000d5580000, 0x00000000dfb80000, 0x0000000100000000)
  eden space 97280K, 100% used [0x00000000d5580000,0x00000000db480000,0x00000000db480000)
  from space 18944K, 0% used [0x00000000db480000,0x00000000db480000,0x00000000dc700000)
  to   space 18944K, 0% used [0x00000000de900000,0x00000000de900000,0x00000000dfb80000)
 ParOldGen       total 139776K, used 31633K [0x0000000080000000, 0x0000000088880000, 0x00000000d5580000)
  object space 139776K, 22% used [0x0000000080000000,0x0000000081ee4768,0x0000000088880000)
 Metaspace       used 61401K, capacity 64090K, committed 64216K, reserved 1103872K
  class space    used 8413K, capacity 8941K, committed 8960K, reserved 1048576K
Event: 49.422 GC heap after
Heap after GC invocations=19 (full 3):
 PSYoungGen      total 130560K, used 7675K [0x00000000d5580000, 0x00000000df100000, 0x0000000100000000)
  eden space 122368K, 0% used [0x00000000d5580000,0x00000000d5580000,0x00000000dcd00000)
  from space 8192K, 93% used [0x00000000de900000,0x00000000df07ee48,0x00000000df100000)
  to   space 18432K, 0% used [0x00000000dcd00000,0x00000000dcd00000,0x00000000ddf00000)
 ParOldGen       total 139776K, used 31641K [0x0000000080000000, 0x0000000088880000, 0x00000000d5580000)
  object space 139776K, 22% used [0x0000000080000000,0x0000000081ee6768,0x0000000088880000)
 Metaspace       used 61401K, capacity 64090K, committed 64216K, reserved 1103872K
  class space    used 8413K, capacity 8941K, committed 8960K, reserved 1048576K
}

