# JRE version: OpenJDK Runtime Environment (8.0_242-b01) (build 1.8.0_242-release-1644-b01)
# Java VM: OpenJDK 64-Bit Server VM (25.242-b01 mixed mode windows-amd64 compressed oops)
Heap:
 PSYoungGen      total 587776K, used 268605K [0x00000000d5580000, 0x0000000100000000, 0x0000000100000000)
  eden space 496128K, 39% used [0x00000000d5580000,0x00000000e1307ed0,0x00000000f3a00000)
  from space 91648K, 81% used [0x00000000fa680000,0x00000000fef478b8,0x0000000100000000)
  to   space 101376K, 0% used [0x00000000f3a00000,0x00000000f3a00000,0x00000000f9d00000)
 ParOldGen       total 256512K, used 132470K [0x0000000080000000, 0x000000008fa80000, 0x00000000d5580000)
  object space 256512K, 51% used [0x0000000080000000,0x000000008815da00,0x000000008fa80000)
 Metaspace       used 114011K, capacity 121670K, committed 122048K, reserved 1155072K
  class space    used 14621K, capacity 15976K, committed 16128K, reserved 1048576K
GC Heap History (10 events):
Event: 4397.120 GC heap before
{Heap before GC invocations=24 (full 6):
 PSYoungGen      total 591872K, used 503755K [0x00000000d5580000, 0x0000000100000000, 0x0000000100000000)
  eden space 484864K, 100% used [0x00000000d5580000,0x00000000f2f00000,0x00000000f2f00000)
  from space 107008K, 17% used [0x00000000f2f00000,0x00000000f4172ed0,0x00000000f9780000)
  to   space 102912K, 0% used [0x00000000f9b80000,0x00000000f9b80000,0x0000000100000000)
 ParOldGen       total 256512K, used 132438K [0x0000000080000000, 0x000000008fa80000, 0x00000000d5580000)
  object space 256512K, 51% used [0x0000000080000000,0x0000000088155a00,0x000000008fa80000)
 Metaspace       used 111946K, capacity 117760K, committed 118080K, reserved 1150976K
  class space    used 14370K, capacity 15480K, committed 15744K, reserved 1048576K
Event: 4397.157 GC heap after
Heap after GC invocations=24 (full 6):
 PSYoungGen      total 579584K, used 17447K [0x00000000d5580000, 0x00000000ff400000, 0x0000000100000000)
  eden space 488960K, 0% used [0x00000000d5580000,0x00000000d5580000,0x00000000f3300000)
  from space 90624K, 19% used [0x00000000f9b80000,0x00000000fac89df8,0x00000000ff400000)
  to   space 98816K, 0% used [0x00000000f3300000,0x00000000f3300000,0x00000000f9380000)
 ParOldGen       total 256512K, used 132446K [0x0000000080000000, 0x000000008fa80000, 0x00000000d5580000)
  object space 256512K, 51% used [0x0000000080000000,0x0000000088157a00,0x000000008fa80000)
 Metaspace       used 111946K, capacity 117760K, committed 118080K, reserved 1150976K
  class space    used 14370K, capacity 15480K, committed 15744K, reserved 1048576K
}
Event: 4436.656 GC heap before
{Heap before GC invocations=25 (full 6):
 PSYoungGen      total 579584K, used 506407K [0x00000000d5580000, 0x00000000ff400000, 0x0000000100000000)
  eden space 488960K, 100% used [0x00000000d5580000,0x00000000f3300000,0x00000000f3300000)
  from space 90624K, 19% used [0x00000000f9b80000,0x00000000fac89df8,0x00000000ff400000)
  to   space 98816K, 0% used [0x00000000f3300000,0x00000000f3300000,0x00000000f9380000)
 ParOldGen       total 256512K, used 132446K [0x0000000080000000, 0x000000008fa80000, 0x00000000d5580000)
  object space 256512K, 51% used [0x0000000080000000,0x0000000088157a00,0x000000008fa80000)
 Metaspace       used 112544K, capacity 118876K, committed 119232K, reserved 1153024K
  class space    used 14434K, capacity 15600K, committed 15872K, reserved 1048576K
Event: 4436.694 GC heap after
Heap after GC invocations=25 (full 6):
 PSYoungGen      total 587776K, used 22812K [0x00000000d5580000, 0x00000000fff00000, 0x0000000100000000)
  eden space 488960K, 0% used [0x00000000d5580000,0x00000000d5580000,0x00000000f3300000)
  from space 98816K, 23% used [0x00000000f3300000,0x00000000f4947290,0x00000000f9380000)
  to   space 94208K, 0% used [0x00000000fa300000,0x00000000fa300000,0x00000000fff00000)
 ParOldGen       total 256512K, used 132454K [0x0000000080000000, 0x000000008fa80000, 0x00000000d5580000)
  object space 256512K, 51% used [0x0000000080000000,0x0000000088159a00,0x000000008fa80000)
 Metaspace       used 112544K, capacity 118876K, committed 119232K, reserved 1153024K
  class space    used 14434K, capacity 15600K, committed 15872K, reserved 1048576K
}
Event: 4576.275 GC heap before
{Heap before GC invocations=26 (full 6):
 PSYoungGen      total 587776K, used 511766K [0x00000000d5580000, 0x00000000fff00000, 0x0000000100000000)
  eden space 488960K, 99% used [0x00000000d5580000,0x00000000f32fe870,0x00000000f3300000)
  from space 98816K, 23% used [0x00000000f3300000,0x00000000f4947290,0x00000000f9380000)
  to   space 94208K, 0% used [0x00000000fa300000,0x00000000fa300000,0x00000000fff00000)
 ParOldGen       total 256512K, used 132454K [0x0000000080000000, 0x000000008fa80000, 0x00000000d5580000)
  object space 256512K, 51% used [0x0000000080000000,0x0000000088159a00,0x000000008fa80000)
 Metaspace       used 112993K, capacity 119622K, committed 120000K, reserved 1153024K
  class space    used 14474K, capacity 15703K, committed 15872K, reserved 1048576K
Event: 4576.317 GC heap after
Heap after GC invocations=26 (full 6):
 PSYoungGen      total 587264K, used 21879K [0x00000000d5580000, 0x00000000ff280000, 0x0000000100000000)
  eden space 505856K, 0% used [0x00000000d5580000,0x00000000d5580000,0x00000000f4380000)
  from space 81408K, 26% used [0x00000000fa300000,0x00000000fb85de00,0x00000000ff280000)
  to   space 89600K, 0% used [0x00000000f4380000,0x00000000f4380000,0x00000000f9b00000)
 ParOldGen       total 256512K, used 132462K [0x0000000080000000, 0x000000008fa80000, 0x00000000d5580000)
  object space 256512K, 51% used [0x0000000080000000,0x000000008815ba00,0x000000008fa80000)
 Metaspace       used 112993K, capacity 119622K, committed 120000K, reserved 1153024K
  class space    used 14474K, capacity 15703K, committed 15872K, reserved 1048576K
}
Event: 4744.895 GC heap before
{Heap before GC invocations=27 (full 6):
 PSYoungGen      total 587264K, used 527735K [0x00000000d5580000, 0x00000000ff280000, 0x0000000100000000)
  eden space 505856K, 100% used [0x00000000d5580000,0x00000000f4380000,0x00000000f4380000)
  from space 81408K, 26% used [0x00000000fa300000,0x00000000fb85de00,0x00000000ff280000)
  to   space 89600K, 0% used [0x00000000f4380000,0x00000000f4380000,0x00000000f9b00000)
 ParOldGen       total 256512K, used 132462K [0x0000000080000000, 0x000000008fa80000, 0x00000000d5580000)
  object space 256512K, 51% used [0x0000000080000000,0x000000008815ba00,0x000000008fa80000)
 Metaspace       used 113212K, capacity 119938K, committed 120256K, reserved 1153024K
  class space    used 14477K, capacity 15709K, committed 15872K, reserved 1048576K
Event: 4744.973 GC heap after
Heap after GC invocations=27 (full 6):
 PSYoungGen      total 595456K, used 52677K [0x00000000d5580000, 0x0000000100000000, 0x0000000100000000)
  eden space 505856K, 0% used [0x00000000d5580000,0x00000000d5580000,0x00000000f4380000)
  from space 89600K, 58% used [0x00000000f4380000,0x00000000f76f1558,0x00000000f9b00000)
  to   space 91648K, 0% used [0x00000000fa680000,0x00000000fa680000,0x0000000100000000)
 ParOldGen       total 256512K, used 132470K [0x0000000080000000, 0x000000008fa80000, 0x00000000d5580000)
  object space 256512K, 51% used [0x0000000080000000,0x000000008815da00,0x000000008fa80000)
 Metaspace       used 113212K, capacity 119938K, committed 120256K, reserved 1153024K
  class space    used 14477K, capacity 15709K, committed 15872K, reserved 1048576K
}
Event: 4833.668 GC heap before
{Heap before GC invocations=28 (full 6):
 PSYoungGen      total 595456K, used 558533K [0x00000000d5580000, 0x0000000100000000, 0x0000000100000000)
  eden space 505856K, 100% used [0x00000000d5580000,0x00000000f4380000,0x00000000f4380000)
  from space 89600K, 58% used [0x00000000f4380000,0x00000000f76f1558,0x00000000f9b00000)
  to   space 91648K, 0% used [0x00000000fa680000,0x00000000fa680000,0x0000000100000000)
 ParOldGen       total 256512K, used 132470K [0x0000000080000000, 0x000000008fa80000, 0x00000000d5580000)
  object space 256512K, 51% used [0x0000000080000000,0x000000008815da00,0x000000008fa80000)
 Metaspace       used 113400K, capacity 120158K, committed 120512K, reserved 1155072K
  class space    used 14485K, capacity 15723K, committed 15872K, reserved 1048576K
Event: 4833.792 GC heap after
Heap after GC invocations=28 (full 6):
 PSYoungGen      total 587776K, used 74526K [0x00000000d5580000, 0x0000000100000000, 0x0000000100000000)
  eden space 496128K, 0% used [0x00000000d5580000,0x00000000d5580000,0x00000000f3a00000)
  from space 91648K, 81% used [0x00000000fa680000,0x00000000fef478b8,0x0000000100000000)
  to   space 101376K, 0% used [0x00000000f3a00000,0x00000000f3a00000,0x00000000f9d00000)
 ParOldGen       total 256512K, used 132470K [0x0000000080000000, 0x000000008fa80000, 0x00000000d5580000)
  object space 256512K, 51% used [0x0000000080000000,0x000000008815da00,0x000000008fa80000)
 Metaspace       used 113400K, capacity 120158K, committed 120512K, reserved 1155072K
  class space    used 14485K, capacity 15723K, committed 15872K, reserved 1048576K
}

